<?xml version="1.0" encoding="UTF-8"?>
<!-- Generated by org.testng.reporters.JUnitReportReporter -->
<testsuite hostname="jagarzone-Latitude-3470" name="examples.Annotations" tests="2" failures="0" timestamp="22 Nov 2017 15:52:05 GMT" time="0.001" errors="0">
  <testcase name="Atest" time="0.000" classname="examples.Annotations"/>
  <testcase name="Btest" time="0.001" classname="examples.Annotations"/>
</testsuite> <!-- examples.Annotations -->
